
**  ProxyGen, Versão do Progress 10.1A

** Checking for existence of .r files ...

** Processing non-persistent procedures ...

** Processing: C:\renato\DSC\Produtos\Produtos\RA\V07_R00_00\dsc\ra\DLL\carregaCTE.r ...
   -- Parsing r-code ...
       MAIN C:\renato\DSC\Produtos\Produtos\RA\V07_R00_00\dsc\ra\DLL\carregaCTE.p 
          INPUT-OUTPUT p-xml LONGCHAR
          OUTPUT p-erro INTEGER
   -- No customizations; Validation not necessary

** Processing: C:\renato\DSC\Produtos\Produtos\RA\V07_R00_00\dsc\ra\DLL\carregaCTEconsulta.r ...
   -- Parsing r-code ...
       MAIN C:\renato\DSC\Produtos\Produtos\RA\V07_R00_00\dsc\ra\DLL\carregaCTEconsulta.p 
          INPUT-OUTPUT p-xml LONGCHAR
          OUTPUT p-erro INTEGER
   -- No customizations; Validation not necessary

** Processing: C:\renato\DSC\Produtos\Produtos\RA\V07_R00_00\dsc\ra\DLL\carregaManifesto.r ...
   -- Parsing r-code ...
       MAIN C:\renato\DSC\Produtos\Produtos\RA\V07_R00_00\dsc\ra\DLL\carregaManifesto.p 
          INPUT-OUTPUT p-xml LONGCHAR
          OUTPUT p-erro CHARACTER
   -- No customizations; Validation not necessary

** Processing: C:\renato\DSC\Produtos\Produtos\RA\V07_R00_00\dsc\ra\DLL\carregaNFE.r ...
   -- Parsing r-code ...
       MAIN C:\renato\DSC\Produtos\Produtos\RA\V07_R00_00\dsc\ra\DLL\carregaNFE.p 
          INPUT-OUTPUT p-xml LONGCHAR
          OUTPUT p-erro INTEGER
   -- No customizations; Validation not necessary

** Processing: C:\renato\DSC\Produtos\Produtos\RA\V07_R00_00\dsc\ra\DLL\carregaNFEconsulta.r ...
   -- Parsing r-code ...
       MAIN C:\renato\DSC\Produtos\Produtos\RA\V07_R00_00\dsc\ra\DLL\carregaNFEconsulta.p 
          INPUT-OUTPUT p-xml LONGCHAR
          OUTPUT p-erro INTEGER
   -- No customizations; Validation not necessary

** Processing persistent procedures ...

** Checking method and parameter names ...

** Generating .NET proxies ...
   Creating AssemblyInfo.cs ...
   Creating pgRecebimentoAutomatico.cs ...
   Compiling .NET proxies and creating .dll ...
       C:\DLC101A\dotnet\bin\PathFinder /csc 
       C:\Windows\Microsoft.NET\Framework\v4.0.30319\csc /t:library "/r:C:\DLC101A\dotnet\deploy\signed\Progress.o4glrt.dll" /out:C:\renato\DSC\Produtos\Produtos\RA\V07_R00_00\dsc\ra\NET\nsRecebimentoAutomatico\pgRecebimentoAutomatico.dll C:\renato\DSC\Produtos\Produtos\RA\V07_R00_00\dsc\ra\NET\nsRecebimentoAutomatico\pgRecebimentoAutomatico.cs C:\renato\DSC\Produtos\Produtos\RA\V07_R00_00\dsc\ra\NET\nsRecebimentoAutomatico\AssemblyInfo.cs 
   Deleting intermediate files ...

** Generation complete
